<?xml version="1.0" encoding="UTF-8"?>
<!-- Generated by org.testng.reporters.JUnitXMLReporter -->
<testsuite ignored="2" hostname="DESKTOP-3R28KS4" failures="0" tests="7" name="negativetestcase" time="140.472" errors="0" timestamp="2022-10-22T15:31:49 GST">
  <testcase classname="tests.LoginPageTest" name="loginWithInvalidEmail" time="4.854"/>
  <testcase classname="tests.LoginPageTest" name="loginWithInvalidEmailAndValidPassword" time="62.357"/>
  <testcase classname="tests.LoginPageTest" name="loginWithValidEmailAndInvalidPassword" time="38.813"/>
  <testcase classname="tests.LoginPageTest" name="loginWithUnRegisteredEmailAndPassword" time="16.538"/>
  <testcase classname="tests.LoginPageTest" name="loginEyeClickValidation" time="3.18"/>
  <testcase classname="tests.LoginPageTest" name="loginWithForgotPasswordButtonWithoutEmail" time="4.213"/>
  <testcase classname="tests.LoginPageTest" name="loginWithForgotPasswordButton" time="3.613"/>
  <testcase classname="tests.LoginPageTest" name="login" time="0.0">
    <ignored/>
  </testcase> <!-- login -->
  <testcase classname="tests.LoginPageTest" name="signup" time="0.0">
    <ignored/>
  </testcase> <!-- signup -->
</testsuite> <!-- negativetestcase -->
