<?xml version="1.0" encoding="UTF-8"?>
<!-- Generated by org.testng.reporters.JUnitXMLReporter -->
<testsuite ignored="9" hostname="DESKTOP-3R28KS4" failures="0" tests="6" name="positivetestcase" time="76.581" errors="0" timestamp="2022-10-22T15:29:29 GST">
  <testcase classname="tests.LoginPageTest" name="signup" time="29.584"/>
  <testcase classname="tests.LoginPageTest" name="login" time="2.593"/>
  <testcase classname="tests.HomePageTest" name="confirmLoginedUser" time="20.046"/>
  <testcase classname="tests.HomePageTest" name="searchTheKeyword" time="2.994"/>
  <testcase classname="tests.HomePageTest" name="selectItemFromResult" time="6.516"/>
  <testcase classname="tests.HomePageTest" name="logout" time="3.601"/>
  <testcase classname="tests.LoginPageTest" name="loginWithInvalidEmailAndValidPassword" time="0.0">
    <ignored/>
  </testcase> <!-- loginWithInvalidEmailAndValidPassword -->
  <testcase classname="tests.LoginPageTest" name="loginEyeClickValidation" time="0.0">
    <ignored/>
  </testcase> <!-- loginEyeClickValidation -->
  <testcase classname="pages.BasePage" name="@AfterTest quitBrowser" time="0.0">
    <ignored/>
  </testcase> <!-- @AfterTest quitBrowser -->
  <testcase classname="tests.LoginPageTest" name="loginWithUnRegisteredEmailAndPassword" time="0.0">
    <ignored/>
  </testcase> <!-- loginWithUnRegisteredEmailAndPassword -->
  <testcase classname="tests.LoginPageTest" name="loginWithForgotPasswordButtonWithoutEmail" time="0.0">
    <ignored/>
  </testcase> <!-- loginWithForgotPasswordButtonWithoutEmail -->
  <testcase classname="tests.LoginPageTest" name="loginWithValidEmailAndInvalidPassword" time="0.0">
    <ignored/>
  </testcase> <!-- loginWithValidEmailAndInvalidPassword -->
  <testcase classname="tests.LoginPageTest" name="loginWithInvalidEmail" time="0.0">
    <ignored/>
  </testcase> <!-- loginWithInvalidEmail -->
  <testcase classname="pages.BasePage" name="@BeforeTest setUp" time="0.0">
    <ignored/>
  </testcase> <!-- @BeforeTest setUp -->
  <testcase classname="tests.LoginPageTest" name="loginWithForgotPasswordButton" time="0.0">
    <ignored/>
  </testcase> <!-- loginWithForgotPasswordButton -->
</testsuite> <!-- positivetestcase -->
